<?xml version="1.0" encoding="UTF-8"?>
<!-- Generated by org.testng.reporters.JUnitXMLReporter -->
<testsuite hostname="liubo-Lenovo" name="Default test" tests="6" failures="0" timestamp="3 Jan 2014 10:14:28 GMT" time="1.767" errors="0">
  <testcase name="testIgnoreWithCorrectDate" time="1.645" classname="org.elasticsearch.index.mapper.xcontent.MetadataMapperTest"/>
  <testcase name="testIgnoreWithEmptyDate" time="0.026" classname="org.elasticsearch.index.mapper.xcontent.MetadataMapperTest"/>
  <testcase name="testIgnoreWithoutDate" time="0.014" classname="org.elasticsearch.index.mapper.xcontent.MetadataMapperTest"/>
  <testcase name="testWithCorrectDate" time="0.017" classname="org.elasticsearch.index.mapper.xcontent.MetadataMapperTest"/>
  <testcase name="testWithEmptyDate" time="0.016" classname="org.elasticsearch.index.mapper.xcontent.MetadataMapperTest"/>
  <testcase name="testWithoutDate" time="0.009" classname="org.elasticsearch.index.mapper.xcontent.MetadataMapperTest"/>
</testsuite> <!-- Default test -->
