<?xml version="1.0" encoding="UTF-8"?>
<!-- Generated by org.testng.reporters.JUnitXMLReporter -->
<testsuite hostname="ThinkPad-R61" name="Default test" tests="3" failures="0" timestamp="5 Jan 2014 10:02:11 GMT" time="2.712" errors="0">
  <testcase name="testMultipleDocsEncryptedFirst" time="2.547" classname="org.index.mapper.xcontent.test.EncryptedDocMapperTest"/>
  <testcase name="testMultipleDocsEncryptedLast" time="0.075" classname="org.index.mapper.xcontent.test.EncryptedDocMapperTest"/>
  <testcase name="testMultipleDocsEncryptedNotIgnoringErrors" time="0.06" classname="org.index.mapper.xcontent.test.EncryptedDocMapperTest"/>
</testsuite> <!-- Default test -->
