<?xml version="1.0" encoding="UTF-8"?>
<testng-results skipped="0" failed="0" total="6" passed="6">
  <reporter-output>
  </reporter-output>
  <suite name="Default suite" duration-ms="1767" started-at="2014-01-03T10:14:26Z" finished-at="2014-01-03T10:14:28Z">
    <groups>
    </groups>
    <test name="Default test" duration-ms="1767" started-at="2014-01-03T10:14:26Z" finished-at="2014-01-03T10:14:28Z">
      <class name="org.elasticsearch.index.mapper.xcontent.MetadataMapperTest">
        <test-method status="PASS" signature="testIgnoreWithCorrectDate()[pri:0, instance:org.elasticsearch.index.mapper.xcontent.MetadataMapperTest@60e86e8a]" name="testIgnoreWithCorrectDate" duration-ms="1645" started-at="2014-01-03T18:14:26Z" finished-at="2014-01-03T18:14:28Z">
          <reporter-output>
          </reporter-output>
        </test-method> <!-- testIgnoreWithCorrectDate -->
        <test-method status="PASS" signature="testIgnoreWithEmptyDate()[pri:0, instance:org.elasticsearch.index.mapper.xcontent.MetadataMapperTest@60e86e8a]" name="testIgnoreWithEmptyDate" duration-ms="26" started-at="2014-01-03T18:14:28Z" finished-at="2014-01-03T18:14:28Z">
          <reporter-output>
          </reporter-output>
        </test-method> <!-- testIgnoreWithEmptyDate -->
        <test-method status="PASS" signature="testIgnoreWithoutDate()[pri:0, instance:org.elasticsearch.index.mapper.xcontent.MetadataMapperTest@60e86e8a]" name="testIgnoreWithoutDate" duration-ms="14" started-at="2014-01-03T18:14:28Z" finished-at="2014-01-03T18:14:28Z">
          <reporter-output>
          </reporter-output>
        </test-method> <!-- testIgnoreWithoutDate -->
        <test-method status="PASS" signature="testWithCorrectDate()[pri:0, instance:org.elasticsearch.index.mapper.xcontent.MetadataMapperTest@60e86e8a]" name="testWithCorrectDate" duration-ms="17" started-at="2014-01-03T18:14:28Z" finished-at="2014-01-03T18:14:28Z">
          <reporter-output>
          </reporter-output>
        </test-method> <!-- testWithCorrectDate -->
        <test-method status="PASS" signature="testWithEmptyDate()[pri:0, instance:org.elasticsearch.index.mapper.xcontent.MetadataMapperTest@60e86e8a]" name="testWithEmptyDate" duration-ms="16" started-at="2014-01-03T18:14:28Z" finished-at="2014-01-03T18:14:28Z">
          <exception class="org.elasticsearch.index.mapper.MapperParsingException">
            <message>
              <![CDATA[failed to parse [file.date]]]>
            </message>
            <full-stacktrace>
              <![CDATA[org.elasticsearch.index.mapper.MapperParsingException: failed to parse [file.date]
	at org.elasticsearch.index.mapper.core.AbstractFieldMapper.parse(AbstractFieldMapper.java:398)
	at org.elasticsearch.index.mapper.attachment.AttachmentMapper.parse(AttachmentMapper.java:457)
	at org.elasticsearch.index.mapper.object.ObjectMapper.serializeObject(ObjectMapper.java:519)
	at org.elasticsearch.index.mapper.object.ObjectMapper.parse(ObjectMapper.java:461)
	at org.elasticsearch.index.mapper.DocumentMapper.parse(DocumentMapper.java:513)
	at org.elasticsearch.index.mapper.DocumentMapper.parse(DocumentMapper.java:457)
	at org.elasticsearch.index.mapper.DocumentMapper.parse(DocumentMapper.java:449)
	at org.elasticsearch.index.mapper.xcontent.MetadataMapperTest.checkMeta(MetadataMapperTest.java:45)
	at org.elasticsearch.index.mapper.xcontent.MetadataMapperTest.testWithEmptyDate(MetadataMapperTest.java:82)
	at sun.reflect.NativeMethodAccessorImpl.invoke0(Native Method)
	at sun.reflect.NativeMethodAccessorImpl.invoke(NativeMethodAccessorImpl.java:57)
	at sun.reflect.DelegatingMethodAccessorImpl.invoke(DelegatingMethodAccessorImpl.java:43)
	at java.lang.reflect.Method.invoke(Method.java:606)
	at org.testng.internal.MethodInvocationHelper.invokeMethod(MethodInvocationHelper.java:84)
	at org.testng.internal.Invoker.invokeMethod(Invoker.java:714)
	at org.testng.internal.Invoker.invokeTestMethod(Invoker.java:901)
	at org.testng.internal.Invoker.invokeTestMethods(Invoker.java:1231)
	at org.testng.internal.TestMethodWorker.invokeTestMethods(TestMethodWorker.java:127)
	at org.testng.internal.TestMethodWorker.run(TestMethodWorker.java:111)
	at org.testng.TestRunner.privateRun(TestRunner.java:767)
	at org.testng.TestRunner.run(TestRunner.java:617)
	at org.testng.SuiteRunner.runTest(SuiteRunner.java:334)
	at org.testng.SuiteRunner.runSequentially(SuiteRunner.java:329)
	at org.testng.SuiteRunner.privateRun(SuiteRunner.java:291)
	at org.testng.SuiteRunner.run(SuiteRunner.java:240)
	at org.testng.SuiteRunnerWorker.runSuite(SuiteRunnerWorker.java:52)
	at org.testng.SuiteRunnerWorker.run(SuiteRunnerWorker.java:86)
	at org.testng.TestNG.runSuitesSequentially(TestNG.java:1224)
	at org.testng.TestNG.runSuitesLocally(TestNG.java:1149)
	at org.testng.TestNG.run(TestNG.java:1057)
	at org.testng.remote.RemoteTestNG.run(RemoteTestNG.java:111)
	at org.testng.remote.RemoteTestNG.initAndRun(RemoteTestNG.java:204)
	at org.testng.remote.RemoteTestNG.main(RemoteTestNG.java:175)
Caused by: org.elasticsearch.index.mapper.MapperParsingException: failed to parse date field [], tried both date format [dateOptionalTime], and timestamp number with locale []
	at org.elasticsearch.index.mapper.core.DateFieldMapper.parseStringValue(DateFieldMapper.java:486)
	at org.elasticsearch.index.mapper.core.DateFieldMapper.innerParseCreateField(DateFieldMapper.java:424)
	at org.elasticsearch.index.mapper.core.NumberFieldMapper.parseCreateField(NumberFieldMapper.java:188)
	at org.elasticsearch.index.mapper.core.AbstractFieldMapper.parse(AbstractFieldMapper.java:387)
	... 32 more
Caused by: java.lang.IllegalArgumentException: Invalid format: ""
	at org.elasticsearch.common.joda.time.format.DateTimeFormatter.parseMillis(DateTimeFormatter.java:754)
	at org.elasticsearch.index.mapper.core.DateFieldMapper.parseStringValue(DateFieldMapper.java:480)
	... 35 more
]]>
            </full-stacktrace>
          </exception> <!-- org.elasticsearch.index.mapper.MapperParsingException -->
          <reporter-output>
          </reporter-output>
        </test-method> <!-- testWithEmptyDate -->
        <test-method status="PASS" signature="testWithoutDate()[pri:0, instance:org.elasticsearch.index.mapper.xcontent.MetadataMapperTest@60e86e8a]" name="testWithoutDate" duration-ms="9" started-at="2014-01-03T18:14:28Z" finished-at="2014-01-03T18:14:28Z">
          <reporter-output>
          </reporter-output>
        </test-method> <!-- testWithoutDate -->
      </class> <!-- org.elasticsearch.index.mapper.xcontent.MetadataMapperTest -->
    </test> <!-- Default test -->
  </suite> <!-- Default suite -->
</testng-results>
